<?xml version="1.0" encoding="UTF-8"?>
<!-- Generated by org.testng.reporters.JUnitXMLReporter -->
<testsuite ignored="0" hostname="SUJAN-M" failures="1" tests="12" name="Caseys Test" time="251.647" errors="0" timestamp="2021-02-12T13:08:48 PST">
  <testcase classname="com.caseys.testCases.TC_001_SelectingPizzaTest" name="clickingonPizza" time="2.685"/>
  <testcase classname="com.caseys.testCases.TC_002_SelectCreateOwnPizzaTest" name="clickingOnCreateYourOwnPizza" time="5.086"/>
  <testcase classname="com.caseys.testCases.TC_003_SelectingQtyOfPizzaTest" name="selectingQtyOfPizzaTest" time="5.051"/>
  <testcase classname="com.caseys.testCases.TC_004_SelectingQualOfPizzaTest" name="selectingQualityOfPizzaTest" time="5.031"/>
  <testcase classname="com.caseys.testCases.TC_005_SelectingSizeOfPizzaTest" name="creatingOwnPizzaTest" time="9.206"/>
  <testcase classname="com.caseys.testCases.TC_006_SelectionOfSauceTest" name="selectionOfSauceTest" time="5.973"/>
  <testcase classname="com.caseys.testCases.TC_007_SelectionOfCheeseTest" name="selectionOfCheeseTest" time="8.011"/>
  <testcase classname="com.caseys.testCases.TC_008_SelectionOfMeatsTest" name="selectionOfMeatsTest" time="8.437"/>
  <testcase classname="com.caseys.testCases.TC_009_SelectionOfVeggiesTest" name="selectionOfVeggiesTest" time="9.509"/>
  <testcase classname="com.caseys.testCases.TC_010_SelectionOfEspInsTest" name="selectionOfEspInsTest" time="8.701"/>
  <testcase classname="com.caseys.testCases.TC_011_ChoosingOrderAsPickupTest" name="choosingOrderAsPickUpTest" time="12.774"/>
  <testcase classname="com.caseys.testCases.TC_012_OrderCustomizePizzaTest" name="orderCustomizePizzaTest" time="19.567">
    <failure type="org.openqa.selenium.NoSuchElementException" message="no such element: Unable to locate element: {&amp;quot;method&amp;quot;:&amp;quot;xpath&amp;quot;,&amp;quot;selector&amp;quot;:&amp;quot;/html/body/div[2]/section/div[2]/div[2]/div/div/div/div/div[1]/div/div[2]/div[1]/div/div/div[1]/div/div/div[2]/button&amp;quot;}
  (Session info: chrome=88.0.4324.150)
For documentation on this error, please visit: https://www.seleniumhq.org/exceptions/no_such_element.html
Build info: version: &amp;apos;3.141.59&amp;apos;, revision: &amp;apos;e82be7d358&amp;apos;, time: &amp;apos;2018-11-14T08:17:03&amp;apos;
System info: host: &amp;apos;SUJAN-M&amp;apos;, ip: &amp;apos;10.0.0.11&amp;apos;, os.name: &amp;apos;Windows 10&amp;apos;, os.arch: &amp;apos;amd64&amp;apos;, os.version: &amp;apos;10.0&amp;apos;, java.version: &amp;apos;11.0.8&amp;apos;
Driver info: org.openqa.selenium.chrome.ChromeDriver
Capabilities {acceptInsecureCerts: false, browserName: chrome, browserVersion: 88.0.4324.150, chrome: {chromedriverVersion: 88.0.4324.96 (68dba2d8a0b14..., userDataDir: C:\Users\SUJAN\AppData\Loca...}, goog:chromeOptions: {debuggerAddress: localhost:60243}, javascriptEnabled: true, networkConnectionEnabled: false, pageLoadStrategy: normal, platform: WINDOWS, platformName: WINDOWS, proxy: Proxy(), setWindowRect: true, strictFileInteractability: false, timeouts: {implicit: 0, pageLoad: 300000, script: 30000}, unhandledPromptBehavior: dismiss and notify, webauthn:extension:largeBlob: true, webauthn:virtualAuthenticators: true}
Session ID: af4e5c65c72c406a653761e1dc5deae3
*** Element info: {Using=xpath, value=/html/body/div[2]/section/div[2]/div[2]/div/div/div/div/div[1]/div/div[2]/div[1]/div/div/div[1]/div/div/div[2]/button}">
      <![CDATA[org.openqa.selenium.NoSuchElementException: no such element: Unable to locate element: {"method":"xpath","selector":"/html/body/div[2]/section/div[2]/div[2]/div/div/div/div/div[1]/div/div[2]/div[1]/div/div/div[1]/div/div/div[2]/button"}
  (Session info: chrome=88.0.4324.150)
For documentation on this error, please visit: https://www.seleniumhq.org/exceptions/no_such_element.html
Build info: version: '3.141.59', revision: 'e82be7d358', time: '2018-11-14T08:17:03'
System info: host: 'SUJAN-M', ip: '10.0.0.11', os.name: 'Windows 10', os.arch: 'amd64', os.version: '10.0', java.version: '11.0.8'
Driver info: org.openqa.selenium.chrome.ChromeDriver
Capabilities {acceptInsecureCerts: false, browserName: chrome, browserVersion: 88.0.4324.150, chrome: {chromedriverVersion: 88.0.4324.96 (68dba2d8a0b14..., userDataDir: C:\Users\SUJAN\AppData\Loca...}, goog:chromeOptions: {debuggerAddress: localhost:60243}, javascriptEnabled: true, networkConnectionEnabled: false, pageLoadStrategy: normal, platform: WINDOWS, platformName: WINDOWS, proxy: Proxy(), setWindowRect: true, strictFileInteractability: false, timeouts: {implicit: 0, pageLoad: 300000, script: 30000}, unhandledPromptBehavior: dismiss and notify, webauthn:extension:largeBlob: true, webauthn:virtualAuthenticators: true}
Session ID: af4e5c65c72c406a653761e1dc5deae3
*** Element info: {Using=xpath, value=/html/body/div[2]/section/div[2]/div[2]/div/div/div/div/div[1]/div/div[2]/div[1]/div/div/div[1]/div/div/div[2]/button}
at org.openqa.selenium.remote.http.W3CHttpResponseCodec.createException(W3CHttpResponseCodec.java:187)
at org.openqa.selenium.remote.http.W3CHttpResponseCodec.decode(W3CHttpResponseCodec.java:122)
at org.openqa.selenium.remote.http.W3CHttpResponseCodec.decode(W3CHttpResponseCodec.java:49)
at org.openqa.selenium.remote.HttpCommandExecutor.execute(HttpCommandExecutor.java:158)
at org.openqa.selenium.remote.service.DriverCommandExecutor.execute(DriverCommandExecutor.java:83)
at org.openqa.selenium.remote.RemoteWebDriver.execute(RemoteWebDriver.java:552)
at org.openqa.selenium.remote.RemoteWebDriver.findElement(RemoteWebDriver.java:323)
at org.openqa.selenium.remote.RemoteWebDriver.findElementByXPath(RemoteWebDriver.java:428)
at org.openqa.selenium.By$ByXPath.findElement(By.java:353)
at org.openqa.selenium.remote.RemoteWebDriver.findElement(RemoteWebDriver.java:315)
at org.openqa.selenium.support.pagefactory.DefaultElementLocator.findElement(DefaultElementLocator.java:69)
at org.openqa.selenium.support.pagefactory.internal.LocatingElementHandler.invoke(LocatingElementHandler.java:38)
at com.sun.proxy.$Proxy10.click(Unknown Source)
at com.caseys.pageObjects.PickUpPage.clickOnStoreDetails(PickUpPage.java:38)
at com.caseys.testCases.TC_012_OrderCustomizePizzaTest.orderCustomizePizzaTest(TC_012_OrderCustomizePizzaTest.java:59)
at java.base/java.util.ArrayList.forEach(ArrayList.java:1541)
... Removed 35 stack frames]]>
    </failure>
  </testcase> <!-- orderCustomizePizzaTest -->
</testsuite> <!-- Caseys Test -->
