<html>
<head>
<title>TestNG:  Caseys Test</title>
<link href="../testng.css" rel="stylesheet" type="text/css" />
<link href="../my-testng.css" rel="stylesheet" type="text/css" />

<style type="text/css">
.log { display: none;} 
.stack-trace { display: none;} 
</style>
<script type="text/javascript">
<!--
function flip(e) {
  current = e.style.display;
  if (current == 'block') {
    e.style.display = 'none';
    return 0;
  }
  else {
    e.style.display = 'block';
    return 1;
  }
}

function toggleBox(szDivId, elem, msg1, msg2)
{
  var res = -1;  if (document.getElementById) {
    res = flip(document.getElementById(szDivId));
  }
  else if (document.all) {
    // this is the way old msie versions work
    res = flip(document.all[szDivId]);
  }
  if(elem) {
    if(res == 0) elem.innerHTML = msg1; else elem.innerHTML = msg2;
  }

}

function toggleAllBoxes() {
  if (document.getElementsByTagName) {
    d = document.getElementsByTagName('div');
    for (i = 0; i < d.length; i++) {
      if (d[i].className == 'log') {
        flip(d[i]);
      }
    }
  }
}

// -->
</script>

</head>
<body>
<h2 align='center'>Caseys Test</h2><table border='1' align="center">
<tr>
<td>Tests passed/Failed/Skipped:</td><td>11/1/0</td>
</tr><tr>
<td>Started on:</td><td>Fri Feb 12 13:04:36 PST 2021</td>
</tr>
<tr><td>Total time:</td><td>251 seconds (251647 ms)</td>
</tr><tr>
<td>Included groups:</td><td></td>
</tr><tr>
<td>Excluded groups:</td><td></td>
</tr>
</table><p/>
<small><i>(Hover the method name to see the test class name)</i></small><p/>
<table width='100%' border='1' class='invocation-failed'>
<tr><td colspan='4' align='center'><b>FAILED TESTS</b></td></tr>
<tr><td><b>Test method</b></td>
<td width="30%"><b>Exception</b></td>
<td width="10%"><b>Time (seconds)</b></td>
<td><b>Instance</b></td>
</tr>
<tr>
<td title='com.caseys.testCases.TC_012_OrderCustomizePizzaTest.orderCustomizePizzaTest()'><b>orderCustomizePizzaTest</b><br>Test class: com.caseys.testCases.TC_012_OrderCustomizePizzaTest<br>Parameters: 1403 N Main St, Findlay, OH 45840, USA</td>
<td><div><pre>org.openqa.selenium.NoSuchElementException: no such element: Unable to locate element: {&quot;method&quot;:&quot;xpath&quot;,&quot;selector&quot;:&quot;/html/body/div[2]/section/div[2]/div[2]/div/div/div/div/div[1]/div/div[2]/div[1]/div/div/div[1]/div/div/div[2]/button&quot;}
  (Session info: chrome=88.0.4324.150)
For documentation on this error, please visit: https://www.seleniumhq.org/exceptions/no_such_element.html
Build info: version: &apos;3.141.59&apos;, revision: &apos;e82be7d358&apos;, time: &apos;2018-11-14T08:17:03&apos;
System info: host: &apos;SUJAN-M&apos;, ip: &apos;10.0.0.11&apos;, os.name: &apos;Windows 10&apos;, os.arch: &apos;amd64&apos;, os.version: &apos;10.0&apos;, java.version: &apos;11.0.8&apos;
Driver info: org.openqa.selenium.chrome.ChromeDriver
Capabilities {acceptInsecureCerts: false, browserName: chrome, browserVersion: 88.0.4324.150, chrome: {chromedriverVersion: 88.0.4324.96 (68dba2d8a0b14..., userDataDir: C:\Users\SUJAN\AppData\Loca...}, goog:chromeOptions: {debuggerAddress: localhost:60243}, javascriptEnabled: true, networkConnectionEnabled: false, pageLoadStrategy: normal, platform: WINDOWS, platformName: WINDOWS, proxy: Proxy(), setWindowRect: true, strictFileInteractability: false, timeouts: {implicit: 0, pageLoad: 300000, script: 30000}, unhandledPromptBehavior: dismiss and notify, webauthn:extension:largeBlob: true, webauthn:virtualAuthenticators: true}
Session ID: af4e5c65c72c406a653761e1dc5deae3
*** Element info: {Using=xpath, value=/html/body/div[2]/section/div[2]/div[2]/div/div/div/div/div[1]/div/div[2]/div[1]/div/div/div[1]/div/div/div[2]/button}
	at org.openqa.selenium.remote.http.W3CHttpResponseCodec.createException(W3CHttpResponseCodec.java:187)
	at org.openqa.selenium.remote.http.W3CHttpResponseCodec.decode(W3CHttpResponseCodec.java:122)
	at org.openqa.selenium.remote.http.W3CHttpResponseCodec.decode(W3CHttpResponseCodec.java:49)
	at org.openqa.selenium.remote.HttpCommandExecutor.execute(HttpCommandExecutor.java:158)
	at org.openqa.selenium.remote.service.DriverCommandExecutor.execute(DriverCommandExecutor.java:83)
	at org.openqa.selenium.remote.RemoteWebDriver.execute(RemoteWebDriver.java:552)
	at org.openqa.selenium.remote.RemoteWebDriver.findElement(RemoteWebDriver.java:323)
	at org.openqa.selenium.remote.RemoteWebDriver.findElementByXPath(RemoteWebDriver.java:428)
	at org.openqa.selenium.By$ByXPath.findElement(By.java:353)
	at org.openqa.selenium.remote.RemoteWebDriver.findElement(RemoteWebDriver.java:315)
	at org.openqa.selenium.support.pagefactory.DefaultElementLocator.findElement(DefaultElementLocator.java:69)
	at org.openqa.selenium.support.pagefactory.internal.LocatingElementHandler.invoke(LocatingElementHandler.java:38)
	at com.sun.proxy.$Proxy10.click(Unknown Source)
	at com.caseys.pageObjects.PickUpPage.clickOnStoreDetails(PickUpPage.java:38)
	at com.caseys.testCases.TC_012_OrderCustomizePizzaTest.orderCustomizePizzaTest(TC_012_OrderCustomizePizzaTest.java:59)
	at java.base/java.util.ArrayList.forEach(ArrayList.java:1541)
... Removed 35 stack frames</pre></div><a href='#' onClick='toggleBox("stack-trace1838342951", this, "Click to show all stack frames", "Click to hide stack frames")'>Click to show all stack frames</a>
<div class='stack-trace' id='stack-trace1838342951'><pre>org.openqa.selenium.NoSuchElementException: no such element: Unable to locate element: {&quot;method&quot;:&quot;xpath&quot;,&quot;selector&quot;:&quot;/html/body/div[2]/section/div[2]/div[2]/div/div/div/div/div[1]/div/div[2]/div[1]/div/div/div[1]/div/div/div[2]/button&quot;}
  (Session info: chrome=88.0.4324.150)
For documentation on this error, please visit: https://www.seleniumhq.org/exceptions/no_such_element.html
Build info: version: &apos;3.141.59&apos;, revision: &apos;e82be7d358&apos;, time: &apos;2018-11-14T08:17:03&apos;
System info: host: &apos;SUJAN-M&apos;, ip: &apos;10.0.0.11&apos;, os.name: &apos;Windows 10&apos;, os.arch: &apos;amd64&apos;, os.version: &apos;10.0&apos;, java.version: &apos;11.0.8&apos;
Driver info: org.openqa.selenium.chrome.ChromeDriver
Capabilities {acceptInsecureCerts: false, browserName: chrome, browserVersion: 88.0.4324.150, chrome: {chromedriverVersion: 88.0.4324.96 (68dba2d8a0b14..., userDataDir: C:\Users\SUJAN\AppData\Loca...}, goog:chromeOptions: {debuggerAddress: localhost:60243}, javascriptEnabled: true, networkConnectionEnabled: false, pageLoadStrategy: normal, platform: WINDOWS, platformName: WINDOWS, proxy: Proxy(), setWindowRect: true, strictFileInteractability: false, timeouts: {implicit: 0, pageLoad: 300000, script: 30000}, unhandledPromptBehavior: dismiss and notify, webauthn:extension:largeBlob: true, webauthn:virtualAuthenticators: true}
Session ID: af4e5c65c72c406a653761e1dc5deae3
*** Element info: {Using=xpath, value=/html/body/div[2]/section/div[2]/div[2]/div/div/div/div/div[1]/div/div[2]/div[1]/div/div/div[1]/div/div/div[2]/button}
	at java.base/jdk.internal.reflect.NativeConstructorAccessorImpl.newInstance0(Native Method)
	at java.base/jdk.internal.reflect.NativeConstructorAccessorImpl.newInstance(NativeConstructorAccessorImpl.java:62)
	at java.base/jdk.internal.reflect.DelegatingConstructorAccessorImpl.newInstance(DelegatingConstructorAccessorImpl.java:45)
	at java.base/java.lang.reflect.Constructor.newInstance(Constructor.java:490)
	at org.openqa.selenium.remote.http.W3CHttpResponseCodec.createException(W3CHttpResponseCodec.java:187)
	at org.openqa.selenium.remote.http.W3CHttpResponseCodec.decode(W3CHttpResponseCodec.java:122)
	at org.openqa.selenium.remote.http.W3CHttpResponseCodec.decode(W3CHttpResponseCodec.java:49)
	at org.openqa.selenium.remote.HttpCommandExecutor.execute(HttpCommandExecutor.java:158)
	at org.openqa.selenium.remote.service.DriverCommandExecutor.execute(DriverCommandExecutor.java:83)
	at org.openqa.selenium.remote.RemoteWebDriver.execute(RemoteWebDriver.java:552)
	at org.openqa.selenium.remote.RemoteWebDriver.findElement(RemoteWebDriver.java:323)
	at org.openqa.selenium.remote.RemoteWebDriver.findElementByXPath(RemoteWebDriver.java:428)
	at org.openqa.selenium.By$ByXPath.findElement(By.java:353)
	at org.openqa.selenium.remote.RemoteWebDriver.findElement(RemoteWebDriver.java:315)
	at org.openqa.selenium.support.pagefactory.DefaultElementLocator.findElement(DefaultElementLocator.java:69)
	at org.openqa.selenium.support.pagefactory.internal.LocatingElementHandler.invoke(LocatingElementHandler.java:38)
	at com.sun.proxy.$Proxy10.click(Unknown Source)
	at com.caseys.pageObjects.PickUpPage.clickOnStoreDetails(PickUpPage.java:38)
	at com.caseys.testCases.TC_012_OrderCustomizePizzaTest.orderCustomizePizzaTest(TC_012_OrderCustomizePizzaTest.java:59)
	at java.base/jdk.internal.reflect.NativeMethodAccessorImpl.invoke0(Native Method)
	at java.base/jdk.internal.reflect.NativeMethodAccessorImpl.invoke(NativeMethodAccessorImpl.java:62)
	at java.base/jdk.internal.reflect.DelegatingMethodAccessorImpl.invoke(DelegatingMethodAccessorImpl.java:43)
	at java.base/java.lang.reflect.Method.invoke(Method.java:566)
	at org.testng.internal.MethodInvocationHelper.invokeMethod(MethodInvocationHelper.java:132)
	at org.testng.internal.TestInvoker.invokeMethod(TestInvoker.java:599)
	at org.testng.internal.TestInvoker.invokeTestMethod(TestInvoker.java:174)
	at org.testng.internal.MethodRunner.runInSequence(MethodRunner.java:46)
	at org.testng.internal.TestInvoker$MethodInvocationAgent.invoke(TestInvoker.java:822)
	at org.testng.internal.TestInvoker.invokeTestMethods(TestInvoker.java:147)
	at org.testng.internal.TestMethodWorker.invokeTestMethods(TestMethodWorker.java:146)
	at org.testng.internal.TestMethodWorker.run(TestMethodWorker.java:128)
	at java.base/java.util.ArrayList.forEach(ArrayList.java:1541)
	at org.testng.TestRunner.privateRun(TestRunner.java:764)
	at org.testng.TestRunner.run(TestRunner.java:585)
	at org.testng.SuiteRunner.runTest(SuiteRunner.java:384)
	at org.testng.SuiteRunner.runSequentially(SuiteRunner.java:378)
	at org.testng.SuiteRunner.privateRun(SuiteRunner.java:337)
	at org.testng.SuiteRunner.run(SuiteRunner.java:286)
	at org.testng.SuiteRunnerWorker.runSuite(SuiteRunnerWorker.java:53)
	at org.testng.SuiteRunnerWorker.run(SuiteRunnerWorker.java:96)
	at org.testng.TestNG.runSuitesSequentially(TestNG.java:1218)
	at org.testng.TestNG.runSuitesLocally(TestNG.java:1140)
	at org.testng.TestNG.runSuites(TestNG.java:1069)
	at org.testng.TestNG.run(TestNG.java:1037)
	at org.apache.maven.surefire.testng.TestNGExecutor.run(TestNGExecutor.java:283)
	at org.apache.maven.surefire.testng.TestNGXmlTestSuite.execute(TestNGXmlTestSuite.java:75)
	at org.apache.maven.surefire.testng.TestNGProvider.invoke(TestNGProvider.java:120)
	at org.apache.maven.surefire.booter.ForkedBooter.invokeProviderInSameClassLoader(ForkedBooter.java:384)
	at org.apache.maven.surefire.booter.ForkedBooter.runSuitesInProcess(ForkedBooter.java:345)
	at org.apache.maven.surefire.booter.ForkedBooter.execute(ForkedBooter.java:126)
	at org.apache.maven.surefire.booter.ForkedBooter.main(ForkedBooter.java:418)
</pre></div></td>
<td>19</td>
<td>com.caseys.testCases.TC_012_OrderCustomizePizzaTest@4de025bf</td></tr>
</table><p>
<table width='100%' border='1' class='invocation-passed'>
<tr><td colspan='4' align='center'><b>PASSED TESTS</b></td></tr>
<tr><td><b>Test method</b></td>
<td width="30%"><b>Exception</b></td>
<td width="10%"><b>Time (seconds)</b></td>
<td><b>Instance</b></td>
</tr>
<tr>
<td title='com.caseys.testCases.TC_011_ChoosingOrderAsPickupTest.choosingOrderAsPickUpTest()'><b>choosingOrderAsPickUpTest</b><br>Test class: com.caseys.testCases.TC_011_ChoosingOrderAsPickupTest<br>Parameters: 1403 N Main St, Findlay, OH 45840, USA</td>
<td></td>
<td>12</td>
<td>com.caseys.testCases.TC_011_ChoosingOrderAsPickupTest@21d5c1a0</td></tr>
<tr>
<td title='com.caseys.testCases.TC_002_SelectCreateOwnPizzaTest.clickingOnCreateYourOwnPizza()'><b>clickingOnCreateYourOwnPizza</b><br>Test class: com.caseys.testCases.TC_002_SelectCreateOwnPizzaTest</td>
<td></td>
<td>5</td>
<td>com.caseys.testCases.TC_002_SelectCreateOwnPizzaTest@e6516e</td></tr>
<tr>
<td title='com.caseys.testCases.TC_001_SelectingPizzaTest.clickingonPizza()'><b>clickingonPizza</b><br>Test class: com.caseys.testCases.TC_001_SelectingPizzaTest</td>
<td></td>
<td>2</td>
<td>com.caseys.testCases.TC_001_SelectingPizzaTest@7e70bd39</td></tr>
<tr>
<td title='com.caseys.testCases.TC_005_SelectingSizeOfPizzaTest.creatingOwnPizzaTest()'><b>creatingOwnPizzaTest</b><br>Test class: com.caseys.testCases.TC_005_SelectingSizeOfPizzaTest</td>
<td></td>
<td>9</td>
<td>com.caseys.testCases.TC_005_SelectingSizeOfPizzaTest@388ffbc2</td></tr>
<tr>
<td title='com.caseys.testCases.TC_003_SelectingQtyOfPizzaTest.selectingQtyOfPizzaTest()'><b>selectingQtyOfPizzaTest</b><br>Test class: com.caseys.testCases.TC_003_SelectingQtyOfPizzaTest</td>
<td></td>
<td>5</td>
<td>com.caseys.testCases.TC_003_SelectingQtyOfPizzaTest@6de54b40</td></tr>
<tr>
<td title='com.caseys.testCases.TC_004_SelectingQualOfPizzaTest.selectingQualityOfPizzaTest()'><b>selectingQualityOfPizzaTest</b><br>Test class: com.caseys.testCases.TC_004_SelectingQualOfPizzaTest</td>
<td></td>
<td>5</td>
<td>com.caseys.testCases.TC_004_SelectingQualOfPizzaTest@43ed0ff3</td></tr>
<tr>
<td title='com.caseys.testCases.TC_007_SelectionOfCheeseTest.selectionOfCheeseTest()'><b>selectionOfCheeseTest</b><br>Test class: com.caseys.testCases.TC_007_SelectionOfCheeseTest</td>
<td></td>
<td>8</td>
<td>com.caseys.testCases.TC_007_SelectionOfCheeseTest@4da855dd</td></tr>
<tr>
<td title='com.caseys.testCases.TC_010_SelectionOfEspInsTest.selectionOfEspInsTest()'><b>selectionOfEspInsTest</b><br>Test class: com.caseys.testCases.TC_010_SelectionOfEspInsTest</td>
<td></td>
<td>8</td>
<td>com.caseys.testCases.TC_010_SelectionOfEspInsTest@2e5c7f0b</td></tr>
<tr>
<td title='com.caseys.testCases.TC_008_SelectionOfMeatsTest.selectionOfMeatsTest()'><b>selectionOfMeatsTest</b><br>Test class: com.caseys.testCases.TC_008_SelectionOfMeatsTest</td>
<td></td>
<td>8</td>
<td>com.caseys.testCases.TC_008_SelectionOfMeatsTest@6691490c</td></tr>
<tr>
<td title='com.caseys.testCases.TC_006_SelectionOfSauceTest.selectionOfSauceTest()'><b>selectionOfSauceTest</b><br>Test class: com.caseys.testCases.TC_006_SelectionOfSauceTest</td>
<td></td>
<td>5</td>
<td>com.caseys.testCases.TC_006_SelectionOfSauceTest@a50b09c</td></tr>
<tr>
<td title='com.caseys.testCases.TC_009_SelectionOfVeggiesTest.selectionOfVeggiesTest()'><b>selectionOfVeggiesTest</b><br>Test class: com.caseys.testCases.TC_009_SelectionOfVeggiesTest</td>
<td></td>
<td>9</td>
<td>com.caseys.testCases.TC_009_SelectionOfVeggiesTest@2187fff7</td></tr>
</table><p>
</body>
</html>